# JRE version: OpenJDK Runtime Environment Temurin-21.0.5+11 (21.0.5+11) (build 21.0.5+11-LTS)
# Java VM: OpenJDK 64-Bit Server VM Temurin-21.0.5+11 (21.0.5+11-LTS, mixed mode, emulated-client, sharing, tiered, compressed oops, compressed class ptrs, g1 gc, windows-amd64)
GC Precious Log:
 CardTable entry size: 512
 Card Set container configuration: InlinePtr #cards 5 size 8 Array Of Cards #cards 12 size 40 Howl #buckets 4 coarsen threshold 1843 Howl Bitmap #cards 512 size 80 coarsen threshold 460 Card regions per heap region 1 cards per card region 2048
 CPUs: 4 total, 4 available
 Memory: 3992M
 Large Page Support: Disabled
 NUMA Support: Disabled
 Compressed Oops: Enabled (32-bit)
 Heap Region Size: 1M
 Heap Min Capacity: 8M
 Heap Initial Capacity: 64M
 Heap Max Capacity: 1000M
 Pre-touch: Disabled
 Parallel Workers: 4
 Concurrent Workers: 1
 Concurrent Refinement Workers: 4
 Periodic GC: Disabled
Heap:
 garbage-first heap   total 81920K, used 66636K [0x00000000c1800000, 0x0000000100000000)
  region size 1024K, 38 young (38912K), 5 survivors (5120K)
 Metaspace       used 72208K, committed 72896K, reserved 1114112K
  class space    used 9917K, committed 10240K, reserved 1048576K
GC Heap History (20 events):
Event: 6.136 GC heap before
{Heap before GC invocations=18 (full 0):
 garbage-first heap   total 67584K, used 58964K [0x00000000c1800000, 0x0000000100000000)
  region size 1024K, 38 young (38912K), 3 survivors (3072K)
 Metaspace       used 42142K, committed 42624K, reserved 1114112K
  class space    used 5626K, committed 5888K, reserved 1048576K
}
Event: 6.140 GC heap after
{Heap after GC invocations=19 (full 0):
 garbage-first heap   total 67584K, used 23601K [0x00000000c1800000, 0x0000000100000000)
  region size 1024K, 3 young (3072K), 3 survivors (3072K)
 Metaspace       used 42142K, committed 42624K, reserved 1114112K
  class space    used 5626K, committed 5888K, reserved 1048576K
}
Event: 6.685 GC heap before
{Heap before GC invocations=19 (full 0):
 garbage-first heap   total 67584K, used 59441K [0x00000000c1800000, 0x0000000100000000)
  region size 1024K, 38 young (38912K), 3 survivors (3072K)
 Metaspace       used 46728K, committed 47232K, reserved 1114112K
  class space    used 6235K, committed 6464K, reserved 1048576K
}
Event: 6.689 GC heap after
{Heap after GC invocations=20 (full 0):
 garbage-first heap   total 67584K, used 24360K [0x00000000c1800000, 0x0000000100000000)
  region size 1024K, 3 young (3072K), 3 survivors (3072K)
 Metaspace       used 46728K, committed 47232K, reserved 1114112K
  class space    used 6235K, committed 6464K, reserved 1048576K
}
Event: 7.000 GC heap before
{Heap before GC invocations=20 (full 0):
 garbage-first heap   total 67584K, used 58152K [0x00000000c1800000, 0x0000000100000000)
  region size 1024K, 37 young (37888K), 3 survivors (3072K)
 Metaspace       used 50182K, committed 50688K, reserved 1114112K
  class space    used 6729K, committed 6976K, reserved 1048576K
}
Event: 7.004 GC heap after
{Heap after GC invocations=21 (full 0):
 garbage-first heap   total 67584K, used 25750K [0x00000000c1800000, 0x0000000100000000)
  region size 1024K, 4 young (4096K), 4 survivors (4096K)
 Metaspace       used 50182K, committed 50688K, reserved 1114112K
  class space    used 6729K, committed 6976K, reserved 1048576K
}
Event: 7.340 GC heap before
{Heap before GC invocations=21 (full 0):
 garbage-first heap   total 67584K, used 58518K [0x00000000c1800000, 0x0000000100000000)
  region size 1024K, 36 young (36864K), 4 survivors (4096K)
 Metaspace       used 53293K, committed 53824K, reserved 1114112K
  class space    used 7113K, committed 7360K, reserved 1048576K
}
Event: 7.346 GC heap after
{Heap after GC invocations=22 (full 0):
 garbage-first heap   total 67584K, used 26653K [0x00000000c1800000, 0x0000000100000000)
  region size 1024K, 4 young (4096K), 4 survivors (4096K)
 Metaspace       used 53293K, committed 53824K, reserved 1114112K
  class space    used 7113K, committed 7360K, reserved 1048576K
}
Event: 7.374 GC heap before
{Heap before GC invocations=22 (full 0):
 garbage-first heap   total 67584K, used 30749K [0x00000000c1800000, 0x0000000100000000)
  region size 1024K, 9 young (9216K), 4 survivors (4096K)
 Metaspace       used 53531K, committed 54016K, reserved 1114112K
  class space    used 7161K, committed 7424K, reserved 1048576K
}
Event: 7.378 GC heap after
{Heap after GC invocations=23 (full 0):
 garbage-first heap   total 81920K, used 26817K [0x00000000c1800000, 0x0000000100000000)
  region size 1024K, 3 young (3072K), 3 survivors (3072K)
 Metaspace       used 53531K, committed 54016K, reserved 1114112K
  class space    used 7161K, committed 7424K, reserved 1048576K
}
Event: 8.161 GC heap before
{Heap before GC invocations=24 (full 0):
 garbage-first heap   total 81920K, used 72897K [0x00000000c1800000, 0x0000000100000000)
  region size 1024K, 48 young (49152K), 3 survivors (3072K)
 Metaspace       used 57094K, committed 57664K, reserved 1114112K
  class space    used 7869K, committed 8128K, reserved 1048576K
}
Event: 8.167 GC heap after
{Heap after GC invocations=25 (full 0):
 garbage-first heap   total 81920K, used 29391K [0x00000000c1800000, 0x0000000100000000)
  region size 1024K, 5 young (5120K), 5 survivors (5120K)
 Metaspace       used 57094K, committed 57664K, reserved 1114112K
  class space    used 7869K, committed 8128K, reserved 1048576K
}
Event: 8.589 GC heap before
{Heap before GC invocations=25 (full 0):
 garbage-first heap   total 81920K, used 72399K [0x00000000c1800000, 0x0000000100000000)
  region size 1024K, 47 young (48128K), 5 survivors (5120K)
 Metaspace       used 60780K, committed 61312K, reserved 1114112K
  class space    used 8324K, committed 8576K, reserved 1048576K
}
Event: 8.595 GC heap after
{Heap after GC invocations=26 (full 0):
 garbage-first heap   total 81920K, used 29052K [0x00000000c1800000, 0x0000000100000000)
  region size 1024K, 3 young (3072K), 3 survivors (3072K)
 Metaspace       used 60780K, committed 61312K, reserved 1114112K
  class space    used 8324K, committed 8576K, reserved 1048576K
}
Event: 9.171 GC heap before
{Heap before GC invocations=26 (full 0):
 garbage-first heap   total 81920K, used 74108K [0x00000000c1800000, 0x0000000100000000)
  region size 1024K, 47 young (48128K), 3 survivors (3072K)
 Metaspace       used 63029K, committed 63616K, reserved 1114112K
  class space    used 8627K, committed 8896K, reserved 1048576K
}
Event: 9.178 GC heap after
{Heap after GC invocations=27 (full 0):
 garbage-first heap   total 81920K, used 31177K [0x00000000c1800000, 0x0000000100000000)
  region size 1024K, 5 young (5120K), 5 survivors (5120K)
 Metaspace       used 63029K, committed 63616K, reserved 1114112K
  class space    used 8627K, committed 8896K, reserved 1048576K
}
Event: 9.603 GC heap before
{Heap before GC invocations=27 (full 0):
 garbage-first heap   total 81920K, used 72137K [0x00000000c1800000, 0x0000000100000000)
  region size 1024K, 45 young (46080K), 5 survivors (5120K)
 Metaspace       used 65868K, committed 66496K, reserved 1114112K
  class space    used 9045K, committed 9344K, reserved 1048576K
}
Event: 9.611 GC heap after
{Heap after GC invocations=28 (full 0):
 garbage-first heap   total 81920K, used 32717K [0x00000000c1800000, 0x0000000100000000)
  region size 1024K, 4 young (4096K), 4 survivors (4096K)
 Metaspace       used 65868K, committed 66496K, reserved 1114112K
  class space    used 9045K, committed 9344K, reserved 1048576K
}
Event: 13.852 GC heap before
{Heap before GC invocations=29 (full 0):
 garbage-first heap   total 81920K, used 73677K [0x00000000c1800000, 0x0000000100000000)
  region size 1024K, 44 young (45056K), 4 survivors (4096K)
 Metaspace       used 68890K, committed 69568K, reserved 1114112K
  class space    used 9505K, committed 9856K, reserved 1048576K
}
Event: 13.861 GC heap after
{Heap after GC invocations=30 (full 0):
 garbage-first heap   total 81920K, used 34892K [0x00000000c1800000, 0x0000000100000000)
  region size 1024K, 5 young (5120K), 5 survivors (5120K)
 Metaspace       used 68890K, committed 69568K, reserved 1114112K
  class space    used 9505K, committed 9856K, reserved 1048576K
}

