# JRE version: OpenJDK Runtime Environment Temurin-21.0.5+11 (21.0.5+11) (build 21.0.5+11-LTS)
# Java VM: OpenJDK 64-Bit Server VM Temurin-21.0.5+11 (21.0.5+11-LTS, mixed mode, emulated-client, sharing, tiered, compressed oops, compressed class ptrs, g1 gc, windows-amd64)
GC Precious Log:
 CardTable entry size: 512
 Card Set container configuration: InlinePtr #cards 5 size 8 Array Of Cards #cards 12 size 40 Howl #buckets 4 coarsen threshold 1843 Howl Bitmap #cards 512 size 80 coarsen threshold 460 Card regions per heap region 1 cards per card region 2048
 CPUs: 4 total, 4 available
 Memory: 3992M
 Large Page Support: Disabled
 NUMA Support: Disabled
 Compressed Oops: Enabled (32-bit)
 Heap Region Size: 1M
 Heap Min Capacity: 8M
 Heap Initial Capacity: 64M
 Heap Max Capacity: 1000M
 Pre-touch: Disabled
 Parallel Workers: 4
 Concurrent Workers: 1
 Concurrent Refinement Workers: 4
 Periodic GC: Disabled
Heap:
 garbage-first heap   total 86016K, used 63675K [0x00000000c1800000, 0x0000000100000000)
  region size 1024K, 32 young (32768K), 4 survivors (4096K)
 Metaspace       used 71616K, committed 72256K, reserved 1114112K
  class space    used 9863K, committed 10176K, reserved 1048576K
GC Heap History (20 events):
Event: 5.524 GC heap after
{Heap after GC invocations=19 (full 0):
 garbage-first heap   total 71680K, used 24422K [0x00000000c1800000, 0x0000000100000000)
  region size 1024K, 4 young (4096K), 4 survivors (4096K)
 Metaspace       used 45708K, committed 46208K, reserved 1114112K
  class space    used 6050K, committed 6272K, reserved 1048576K
}
Event: 6.178 GC heap before
{Heap before GC invocations=19 (full 0):
 garbage-first heap   total 71680K, used 62310K [0x00000000c1800000, 0x0000000100000000)
  region size 1024K, 41 young (41984K), 4 survivors (4096K)
 Metaspace       used 49609K, committed 50176K, reserved 1114112K
  class space    used 6643K, committed 6912K, reserved 1048576K
}
Event: 6.185 GC heap after
{Heap after GC invocations=20 (full 0):
 garbage-first heap   total 71680K, used 25887K [0x00000000c1800000, 0x0000000100000000)
  region size 1024K, 5 young (5120K), 5 survivors (5120K)
 Metaspace       used 49609K, committed 50176K, reserved 1114112K
  class space    used 6643K, committed 6912K, reserved 1048576K
}
Event: 6.585 GC heap before
{Heap before GC invocations=20 (full 0):
 garbage-first heap   total 71680K, used 60703K [0x00000000c1800000, 0x0000000100000000)
  region size 1024K, 40 young (40960K), 5 survivors (5120K)
 Metaspace       used 53019K, committed 53568K, reserved 1114112K
  class space    used 7063K, committed 7296K, reserved 1048576K
}
Event: 6.591 GC heap after
{Heap after GC invocations=21 (full 0):
 garbage-first heap   total 71680K, used 26777K [0x00000000c1800000, 0x0000000100000000)
  region size 1024K, 4 young (4096K), 4 survivors (4096K)
 Metaspace       used 53019K, committed 53568K, reserved 1114112K
  class space    used 7063K, committed 7296K, reserved 1048576K
}
Event: 6.688 GC heap before
{Heap before GC invocations=21 (full 0):
 garbage-first heap   total 71680K, used 37017K [0x00000000c1800000, 0x0000000100000000)
  region size 1024K, 15 young (15360K), 4 survivors (4096K)
 Metaspace       used 53989K, committed 54528K, reserved 1114112K
  class space    used 7284K, committed 7552K, reserved 1048576K
}
Event: 6.692 GC heap after
{Heap after GC invocations=22 (full 0):
 garbage-first heap   total 71680K, used 27098K [0x00000000c1800000, 0x0000000100000000)
  region size 1024K, 3 young (3072K), 3 survivors (3072K)
 Metaspace       used 53989K, committed 54528K, reserved 1114112K
  class space    used 7284K, committed 7552K, reserved 1048576K
}
Event: 7.379 GC heap before
{Heap before GC invocations=23 (full 0):
 garbage-first heap   total 71680K, used 63962K [0x00000000c1800000, 0x0000000100000000)
  region size 1024K, 39 young (39936K), 3 survivors (3072K)
 Metaspace       used 56696K, committed 57216K, reserved 1114112K
  class space    used 7770K, committed 8000K, reserved 1048576K
}
Event: 7.383 GC heap after
{Heap after GC invocations=24 (full 0):
 garbage-first heap   total 71680K, used 27494K [0x00000000c1800000, 0x0000000100000000)
  region size 1024K, 4 young (4096K), 4 survivors (4096K)
 Metaspace       used 56696K, committed 57216K, reserved 1114112K
  class space    used 7770K, committed 8000K, reserved 1048576K
}
Event: 7.771 GC heap before
{Heap before GC invocations=24 (full 0):
 garbage-first heap   total 71680K, used 62310K [0x00000000c1800000, 0x0000000100000000)
  region size 1024K, 38 young (38912K), 4 survivors (4096K)
 Metaspace       used 59513K, committed 60096K, reserved 1114112K
  class space    used 8181K, committed 8448K, reserved 1048576K
}
Event: 7.778 GC heap after
{Heap after GC invocations=25 (full 0):
 garbage-first heap   total 71680K, used 29016K [0x00000000c1800000, 0x0000000100000000)
  region size 1024K, 4 young (4096K), 4 survivors (4096K)
 Metaspace       used 59513K, committed 60096K, reserved 1114112K
  class space    used 8181K, committed 8448K, reserved 1048576K
}
Event: 8.176 GC heap before
{Heap before GC invocations=25 (full 0):
 garbage-first heap   total 71680K, used 62808K [0x00000000c1800000, 0x0000000100000000)
  region size 1024K, 37 young (37888K), 4 survivors (4096K)
 Metaspace       used 62591K, committed 63168K, reserved 1114112K
  class space    used 8571K, committed 8832K, reserved 1048576K
}
Event: 8.182 GC heap after
{Heap after GC invocations=26 (full 0):
 garbage-first heap   total 71680K, used 30252K [0x00000000c1800000, 0x0000000100000000)
  region size 1024K, 4 young (4096K), 4 survivors (4096K)
 Metaspace       used 62591K, committed 63168K, reserved 1114112K
  class space    used 8571K, committed 8832K, reserved 1048576K
}
Event: 8.513 GC heap before
{Heap before GC invocations=26 (full 0):
 garbage-first heap   total 71680K, used 63020K [0x00000000c1800000, 0x0000000100000000)
  region size 1024K, 36 young (36864K), 4 survivors (4096K)
 Metaspace       used 63602K, committed 64128K, reserved 1114112K
  class space    used 8719K, committed 8960K, reserved 1048576K
}
Event: 8.520 GC heap after
{Heap after GC invocations=27 (full 0):
 garbage-first heap   total 86016K, used 31842K [0x00000000c1800000, 0x0000000100000000)
  region size 1024K, 5 young (5120K), 5 survivors (5120K)
 Metaspace       used 63602K, committed 64128K, reserved 1114112K
  class space    used 8719K, committed 8960K, reserved 1048576K
}
Event: 8.938 GC heap before
{Heap before GC invocations=28 (full 0):
 garbage-first heap   total 86016K, used 74850K [0x00000000c1800000, 0x0000000100000000)
  region size 1024K, 47 young (48128K), 5 survivors (5120K)
 Metaspace       used 66559K, committed 67136K, reserved 1114112K
  class space    used 9159K, committed 9408K, reserved 1048576K
}
Event: 8.946 GC heap after
{Heap after GC invocations=29 (full 0):
 garbage-first heap   total 86016K, used 34286K [0x00000000c1800000, 0x0000000100000000)
  region size 1024K, 6 young (6144K), 6 survivors (6144K)
 Metaspace       used 66559K, committed 67136K, reserved 1114112K
  class space    used 9159K, committed 9408K, reserved 1048576K
}
Event: 14.811 GC heap before
{Heap before GC invocations=29 (full 0):
 garbage-first heap   total 86016K, used 72174K [0x00000000c1800000, 0x0000000100000000)
  region size 1024K, 44 young (45056K), 6 survivors (6144K)
 Metaspace       used 69883K, committed 70528K, reserved 1114112K
  class space    used 9623K, committed 9920K, reserved 1048576K
}
Event: 14.820 GC heap after
{Heap after GC invocations=30 (full 0):
 garbage-first heap   total 86016K, used 35322K [0x00000000c1800000, 0x0000000100000000)
  region size 1024K, 4 young (4096K), 4 survivors (4096K)
 Metaspace       used 69883K, committed 70528K, reserved 1114112K
  class space    used 9623K, committed 9920K, reserved 1048576K
}
Event: 219.430 GC heap before
{Heap before GC invocations=30 (full 0):
 garbage-first heap   total 86016K, used 62970K [0x00000000c1800000, 0x0000000100000000)
  region size 1024K, 32 young (32768K), 4 survivors (4096K)
 Metaspace       used 71616K, committed 72256K, reserved 1114112K
  class space    used 9863K, committed 10176K, reserved 1048576K
}

